<?xml version="1.0" encoding="UTF-8"?>
<coverage generated="1487902270128" clover="3.2.0">
  <project timestamp="1487902270128" name="All files">
    <metrics statements="18" coveredstatements="18" conditionals="4" coveredconditionals="4" methods="7" coveredmethods="7" elements="29" coveredelements="29" complexity="0" loc="18" ncloc="18" packages="1" files="1" classes="1">
      <file name="utils.js" path="/Users/admin/OSS/component-data-mapper/modules/utils.js">
        <metrics statements="18" coveredstatements="18" conditionals="4" coveredconditionals="4" methods="7" coveredmethods="7"/>
        <line num="2" count="1" type="stmt"/>
        <line num="29" count="1" type="stmt"/>
        <line num="30" count="18" type="stmt"/>
        <line num="43" count="1" type="stmt"/>
        <line num="44" count="4" type="stmt"/>
        <line num="45" count="10" type="stmt"/>
        <line num="50" count="1" type="stmt"/>
        <line num="68" count="1" type="stmt"/>
        <line num="70" count="4" type="stmt"/>
        <line num="72" count="4" type="stmt"/>
        <line num="74" count="11" type="stmt"/>
        <line num="76" count="22" type="stmt"/>
        <line num="77" count="11" type="stmt"/>
        <line num="79" count="10" type="stmt"/>
        <line num="81" count="10" type="stmt"/>
        <line num="84" count="1" type="stmt"/>
        <line num="88" count="11" type="stmt"/>
        <line num="92" count="1" type="stmt"/>
      </file>
    </metrics>
  </project>
</coverage>
