{"/Users/admin/OSS/component-data-mapper/modules/utils.js": {"path":"/Users/admin/OSS/component-data-mapper/modules/utils.js","statementMap":{"0":{"start":{"line":2,"column":18},"end":{"line":2,"column":34}},"1":{"start":{"line":29,"column":26},"end":{"line":32,"column":32}},"2":{"start":{"line":30,"column":1},"end":{"line":32,"column":31}},"3":{"start":{"line":43,"column":25},"end":{"line":45,"column":44}},"4":{"start":{"line":44,"column":2},"end":{"line":45,"column":43}},"5":{"start":{"line":45,"column":15},"end":{"line":45,"column":42}},"6":{"start":{"line":50,"column":14},"end":{"line":59,"column":1}},"7":{"start":{"line":68,"column":24},"end":{"line":90,"column":2}},"8":{"start":{"line":70,"column":19},"end":{"line":70,"column":38}},"9":{"start":{"line":72,"column":2},"end":{"line":89,"column":8}},"10":{"start":{"line":74,"column":21},"end":{"line":74,"column":30}},"11":{"start":{"line":76,"column":22},"end":{"line":76,"column":84}},"12":{"start":{"line":76,"column":49},"end":{"line":76,"column":50}},"13":{"start":{"line":76,"column":67},"end":{"line":76,"column":83}},"14":{"start":{"line":77,"column":4},"end":{"line":87,"column":5}},"15":{"start":{"line":79,"column":25},"end":{"line":79,"column":41}},"16":{"start":{"line":81,"column":6},"end":{"line":81,"column":51}},"17":{"start":{"line":84,"column":6},"end":{"line":86,"column":7}},"18":{"start":{"line":88,"column":4},"end":{"line":88,"column":16}},"19":{"start":{"line":92,"column":0},"end":{"line":96,"column":1}}},"fnMap":{"0":{"name":"(anonymous_0)","decl":{"start":{"line":29,"column":32},"end":{"line":29,"column":33}},"loc":{"start":{"line":30,"column":1},"end":{"line":32,"column":31}}},"1":{"name":"(anonymous_1)","decl":{"start":{"line":43,"column":31},"end":{"line":43,"column":32}},"loc":{"start":{"line":44,"column":2},"end":{"line":45,"column":43}}},"2":{"name":"(anonymous_2)","decl":{"start":{"line":45,"column":6},"end":{"line":45,"column":7}},"loc":{"start":{"line":45,"column":15},"end":{"line":45,"column":42}}},"3":{"name":"(anonymous_3)","decl":{"start":{"line":68,"column":30},"end":{"line":68,"column":31}},"loc":{"start":{"line":68,"column":78},"end":{"line":90,"column":1}}},"4":{"name":"(anonymous_4)","decl":{"start":{"line":72,"column":26},"end":{"line":72,"column":27}},"loc":{"start":{"line":72,"column":40},"end":{"line":89,"column":3}}},"5":{"name":"(anonymous_5)","decl":{"start":{"line":76,"column":32},"end":{"line":76,"column":33}},"loc":{"start":{"line":76,"column":49},"end":{"line":76,"column":50}}},"6":{"name":"(anonymous_6)","decl":{"start":{"line":76,"column":62},"end":{"line":76,"column":63}},"loc":{"start":{"line":76,"column":67},"end":{"line":76,"column":83}}}},"branchMap":{"0":{"loc":{"start":{"line":30,"column":1},"end":{"line":32,"column":31}},"type":"cond-expr","locations":[{"start":{"line":31,"column":5},"end":{"line":31,"column":35}},{"start":{"line":32,"column":5},"end":{"line":32,"column":30}}]},"1":{"loc":{"start":{"line":77,"column":4},"end":{"line":87,"column":5}},"type":"if","locations":[{"start":{"line":77,"column":4},"end":{"line":87,"column":5}},{"start":{"line":77,"column":4},"end":{"line":87,"column":5}}]}},"s":{"0":1,"1":1,"2":18,"3":1,"4":4,"5":10,"6":1,"7":1,"8":4,"9":4,"10":11,"11":11,"12":22,"13":14,"14":11,"15":10,"16":10,"17":1,"18":11,"19":1},"f":{"0":18,"1":4,"2":10,"3":4,"4":11,"5":22,"6":14},"b":{"0":[16,2],"1":[10,1]},"_coverageSchema":"332fd63041d2c1bcb487cc26dd0d5f7d97098a6c","hash":"85d35896d4511d347d66fd9c6c8e43f1dfb45f93"}
}
