TN:
SF:/Users/admin/OSS/component-data-mapper/modules/utils.js
FN:29,(anonymous_0)
FN:43,(anonymous_1)
FN:45,(anonymous_2)
FN:68,(anonymous_3)
FN:72,(anonymous_4)
FN:76,(anonymous_5)
FN:76,(anonymous_6)
FNF:7
FNH:7
FNDA:18,(anonymous_0)
FNDA:4,(anonymous_1)
FNDA:10,(anonymous_2)
FNDA:4,(anonymous_3)
FNDA:11,(anonymous_4)
FNDA:22,(anonymous_5)
FNDA:14,(anonymous_6)
DA:2,1
DA:29,1
DA:30,18
DA:43,1
DA:44,4
DA:45,10
DA:50,1
DA:68,1
DA:70,4
DA:72,4
DA:74,11
DA:76,22
DA:77,11
DA:79,10
DA:81,10
DA:84,1
DA:88,11
DA:92,1
LF:18
LH:18
BRDA:30,0,0,16
BRDA:30,0,1,2
BRDA:77,1,0,10
BRDA:77,1,1,1
BRF:4
BRH:4
end_of_record
